{
  "stats": {
    "suites": 1,
    "tests": 1,
    "passes": 1,
    "pending": 0,
    "failures": 0,
    "start": "2022-12-13T20:25:11.134Z",
    "end": "2022-12-13T20:25:21.916Z",
    "duration": 10782,
    "testsRegistered": 1,
    "passPercent": 100,
    "pendingPercent": 0,
    "other": 0,
    "hasOther": false,
    "skipped": 0,
    "hasSkipped": false
  },
  "results": [
    {
      "uuid": "f296e005-61f7-47f0-9456-61c9c78cf353",
      "title": "",
      "fullFile": "cypress/integration/capabilities.js",
      "file": "cypress/integration/capabilities.js",
      "beforeHooks": [],
      "afterHooks": [],
      "tests": [],
      "suites": [
        {
          "uuid": "35afe0a0-c899-4ca3-aab9-3378c0c9771e",
          "title": "List of capabilities",
          "fullFile": "",
          "file": "",
          "beforeHooks": [],
          "afterHooks": [],
          "tests": [
            {
              "title": "Test Scenario: List of capabilities",
              "fullTitle": "List of capabilities Test Scenario: List of capabilities",
              "timedOut": null,
              "duration": 10704,
              "state": "passed",
              "speed": "slow",
              "pass": true,
              "fail": false,
              "pending": false,
              "context": null,
              "code": "// Cypress: npx cypress open\n// Mocha: npx cypress run --spec \"cypress/integration/capabilities.js\" --browser chrome\n// Open the main page\n_mainPage.default.openMainPage(); // On the header locate the capabilities dropdown\n\n_mainPage.default.locateDropdown(\"Capabilities\"); // Ensure that the capabilities dropdown list contains [Products & Platforms, Technology Expertise]\n\n_mainPage.default.ensureDropdownListContains(\"Capabilities\", \"Products & Platforms\");\n_mainPage.default.ensureDropdownListContains(\"Capabilities\", \"Technology Expertise\"); // Select Technology Expertise and ensure that the page contains a list of technologies\n\n_mainPage.default.selectDropdownOption(\"Capabilities\", \"Technology Expertise\");\n_techPage.default.ensurePageContainsTechnologiesList(); // Each of the technology blocks should contain: Name, Image, Description]\n\n_techPage.default.checkBlocksContainNameImageDescription();",
              "err": {},
              "uuid": "479b1e48-9f15-41e7-98b9-16d35c5dc529",
              "parentUUID": "35afe0a0-c899-4ca3-aab9-3378c0c9771e",
              "isHook": false,
              "skipped": false
            }
          ],
          "suites": [],
          "passes": [
            "479b1e48-9f15-41e7-98b9-16d35c5dc529"
          ],
          "failures": [],
          "pending": [],
          "skipped": [],
          "duration": 10704,
          "root": false,
          "rootEmpty": false,
          "_timeout": 2000
        }
      ],
      "passes": [],
      "failures": [],
      "pending": [],
      "skipped": [],
      "duration": 0,
      "root": true,
      "rootEmpty": true,
      "_timeout": 2000
    }
  ],
  "meta": {
    "mocha": {
      "version": "7.0.1"
    },
    "mochawesome": {
      "options": {
        "quiet": false,
        "reportFilename": "mochawesome",
        "saveHtml": false,
        "saveJson": true,
        "consoleReporter": "spec",
        "useInlineDiffs": false,
        "code": true
      },
      "version": "7.1.3"
    },
    "marge": {
      "options": {
        "reportDir": "cypress\\report\\.jsons",
        "charts": true,
        "reportPageTitle": "Reports",
        "overwrite": false,
        "html": false,
        "json": true
      },
      "version": "6.2.0"
    }
  }
}